<?xml version="1.0" encoding="UTF-8"?>
<!-- Generated by org.testng.reporters.JUnitReportReporter -->
<testsuite hostname="macbook-2.local" name="com.ebay.test.framework.DemoTest" tests="1" failures="0" timestamp="17 Aug 2014 02:35:48 GMT" time="0.007" errors="0">
  <testcase name="testOne" time="0.007" classname="com.ebay.test.framework.DemoTest"/>
</testsuite> <!-- com.ebay.test.framework.DemoTest -->
